<?xml version="1.0" encoding="UTF-8"?>
<!-- Generated by org.testng.reporters.JUnitXMLReporter -->
<testsuite hostname="LAPTOP-G4U5KAR8" name="Default test" tests="4" failures="0" timestamp="10 Nov 2019 12:55:23 GMT" time="3.274" errors="0">
  <testcase name="getRandomImgOrLinkForGolden" time="1.834" classname="AbsaAPI.DogBreedApiTest"/>
  <testcase name="getSubBreedListFromRetriver" time="0.32" classname="AbsaAPI.DogBreedApiTest"/>
  <testcase name="verifyRetriverInResponsePayload" time="0.482" classname="AbsaAPI.DogBreedApiTest"/>
  <testcase name="getListOfAllDogBreed" time="0.468" classname="AbsaAPI.DogBreedApiTest"/>
</testsuite> <!-- Default test -->
